<?xml version="1.0" encoding="UTF-8"?>
<testng-results skipped="0" failed="0" ignored="0" total="1" passed="1">
  <reporter-output>
  </reporter-output>
  <suite name="Suite1" duration-ms="30435" started-at="2018-09-06T17:03:30Z" finished-at="2018-09-06T17:04:00Z">
    <groups>
    </groups>
    <test name="Main Flow" duration-ms="30435" started-at="2018-09-06T17:03:30Z" finished-at="2018-09-06T17:04:00Z">
      <class name="polkatta.project.test.EditYourAdvertiesment">
        <test-method status="PASS" signature="editmyAdvertiesmentTest()[pri:0, instance:polkatta.project.test.EditYourAdvertiesment@246ae04d]" name="editmyAdvertiesmentTest" duration-ms="30414" started-at="2018-09-06T17:03:30Z" finished-at="2018-09-06T17:04:00Z">
          <reporter-output>
          </reporter-output>
        </test-method> <!-- editmyAdvertiesmentTest -->
      </class> <!-- polkatta.project.test.EditYourAdvertiesment -->
    </test> <!-- Main Flow -->
  </suite> <!-- Suite1 -->
</testng-results>
